#
# There is insufficient memory for the Java Runtime Environment to continue.
# Native memory allocation (malloc) failed to allocate 1260352 bytes for Chunk::new
# Possible reasons:
#   The system is out of physical RAM or swap space
#   In 32 bit mode, the process size limit was hit
# Possible solutions:
#   Reduce memory load on the system
#   Increase physical memory or swap space
#   Check if swap backing store is full
#   Use 64 bit Java on a 64 bit OS
#   Decrease Java heap size (-Xmx/-Xms)
#   Decrease number of Java threads
#   Decrease Java thread stack sizes (-Xss)
#   Set larger code cache with -XX:ReservedCodeCacheSize=
# This output file may be truncated or incomplete.
#
#  Out of Memory Error (allocation.cpp:390), pid=11304, tid=0x0000000000002ca8
#
# JRE version: OpenJDK Runtime Environment (8.0_152-b06) (build 1.8.0_152-release-1136-b06)
# Java VM: OpenJDK 64-Bit Server VM (25.152-b06 mixed mode windows-amd64 compressed oops)
# Failed to write core dump. Minidumps are not enabled by default on client versions of Windows
#

---------------  T H R E A D  ---------------

Current thread (0x0000000018f10000):  JavaThread "C2 CompilerThread1" daemon [_thread_in_native, id=11432, stack(0x00000000197d0000,0x00000000198d0000)]

Stack: [0x00000000197d0000,0x00000000198d0000]
[error occurred during error reporting (printing stack bounds), id 0xc0000005]

Native frames: (J=compiled Java code, j=interpreted, Vv=VM code, C=native code)


Current CompileTask:
C2:   8224 3309       4       java.lang.reflect.Method::toString (20 bytes)


---------------  P R O C E S S  ---------------

Java Threads: ( => current thread )
  0x00000000210c4800 JavaThread "Memory manager" [_thread_blocked, id=11540, stack(0x0000000023920000,0x0000000023a20000)]
  0x00000000210bf800 JavaThread "File lock release action executor" [_thread_blocked, id=12972, stack(0x0000000023620000,0x0000000023720000)]
  0x00000000210bd000 JavaThread "pool-1-thread-1" [_thread_blocked, id=12212, stack(0x0000000023520000,0x0000000023620000)]
  0x00000000210c2800 JavaThread "Build operations Thread 8" [_thread_blocked, id=10824, stack(0x0000000023020000,0x0000000023120000)]
  0x00000000210be800 JavaThread "Build operations Thread 7" [_thread_blocked, id=10548, stack(0x0000000022f20000,0x0000000023020000)]
  0x00000000210c1800 JavaThread "Build operations Thread 6" [_thread_blocked, id=10940, stack(0x0000000022e20000,0x0000000022f20000)]
  0x00000000210c1000 JavaThread "Build operations Thread 5" [_thread_blocked, id=9048, stack(0x0000000022d20000,0x0000000022e20000)]
  0x0000000018f28800 JavaThread "Build operations Thread 4" [_thread_blocked, id=8104, stack(0x0000000022c20000,0x0000000022d20000)]
  0x0000000018f27800 JavaThread "Build operations Thread 3" [_thread_blocked, id=4920, stack(0x0000000022b20000,0x0000000022c20000)]
  0x0000000018f27000 JavaThread "Build operations Thread 2" [_thread_blocked, id=12660, stack(0x0000000022a20000,0x0000000022b20000)]
  0x0000000018f26000 JavaThread "Build operations" [_thread_blocked, id=6080, stack(0x0000000022920000,0x0000000022a20000)]
  0x0000000018f24800 JavaThread "Cache worker for Artifact transforms cache (C:\Users\Alex\.gradle\caches\transforms-1)" [_thread_blocked, id=2060, stack(0x0000000022820000,0x0000000022920000)]
  0x000000001d13c800 JavaThread "Cache worker for file hash cache (C:\Users\Alex\AndroidStudioProjects\WorldofFoodRecipes\.gradle\4.6\fileHashes)" [_thread_blocked, id=1272, stack(0x000000001d9f0000,0x000000001daf0000)]
  0x000000001b111000 JavaThread "File lock request listener" [_thread_in_native, id=10812, stack(0x000000001c720000,0x000000001c820000)]
  0x000000001b0c5000 JavaThread "Cache worker for file hash cache (C:\Users\Alex\.gradle\caches\4.6\fileHashes)" [_thread_blocked, id=12512, stack(0x000000001c620000,0x000000001c720000)]
  0x000000001b051800 JavaThread "Stdin handler" [_thread_blocked, id=11340, stack(0x000000001c420000,0x000000001c520000)]
  0x000000001b05d000 JavaThread "Asynchronous log dispatcher for DefaultDaemonConnection: socket connection from /127.0.0.1:59008 to /127.0.0.1:59009" [_thread_blocked, id=7652, stack(0x000000001c320000,0x000000001c420000)]
  0x000000001b094800 JavaThread "Daemon worker" [_thread_in_Java, id=12464, stack(0x000000001c220000,0x000000001c320000)]
  0x000000001b055000 JavaThread "Cancel handler" [_thread_blocked, id=2076, stack(0x000000001c120000,0x000000001c220000)]
  0x000000001afcf000 JavaThread "Handler for socket connection from /127.0.0.1:59008 to /127.0.0.1:59009" [_thread_in_native, id=6100, stack(0x000000001be20000,0x000000001bf20000)]
  0x000000001afcd800 JavaThread "Daemon" [_thread_blocked, id=11876, stack(0x000000001bd20000,0x000000001be20000)]
  0x000000001afb6000 JavaThread "Daemon periodic checks" [_thread_blocked, id=8956, stack(0x000000001bc20000,0x000000001bd20000)]
  0x000000001afb0800 JavaThread "Incoming local TCP Connector on port 59008" [_thread_in_native, id=6540, stack(0x000000001b9e0000,0x000000001bae0000)]
  0x0000000018fab800 JavaThread "Service Thread" daemon [_thread_blocked, id=10412, stack(0x0000000019ad0000,0x0000000019bd0000)]
  0x0000000018f23000 JavaThread "C1 CompilerThread3" daemon [_thread_blocked, id=13224, stack(0x00000000199d0000,0x0000000019ad0000)]
  0x0000000018f1f800 JavaThread "C2 CompilerThread2" daemon [_thread_in_native, id=3660, stack(0x00000000198d0000,0x00000000199d0000)]
=>0x0000000018f10000 JavaThread "C2 CompilerThread1" daemon [_thread_in_native, id=11432, stack(0x00000000197d0000,0x00000000198d0000)]
  0x0000000018f0d000 JavaThread "C2 CompilerThread0" daemon [_thread_in_native, id=1656, stack(0x00000000196d0000,0x00000000197d0000)]
  0x0000000018f0b800 JavaThread "Attach Listener" daemon [_thread_blocked, id=6928, stack(0x00000000195d0000,0x00000000196d0000)]
  0x0000000018f16000 JavaThread "Signal Dispatcher" daemon [_thread_blocked, id=12668, stack(0x00000000194d0000,0x00000000195d0000)]
  0x000000000324e800 JavaThread "Finalizer" daemon [_thread_blocked, id=13156, stack(0x00000000192e0000,0x00000000193e0000)]
  0x0000000003247800 JavaThread "Reference Handler" daemon [_thread_blocked, id=9512, stack(0x0000000018de0000,0x0000000018ee0000)]
  0x000000000131d800 JavaThread "main" [_thread_blocked, id=10528, stack(0x0000000003050000,0x0000000003150000)]

Other Threads:
  0x0000000017007800 VMThread [stack: 0x0000000018ce0000,0x0000000018de0000] [id=9732]
  0x0000000018fac800 WatcherThread [stack: 0x0000000019bd0000,0x0000000019cd0000] [id=9352]

VM state:not at safepoint (normal execution)

VM Mutex/Monitor currently owned by a thread: None

Heap:
 PSYoungGen      total 140800K, used 62106K [0x00000000e0000000, 0x00000000e9980000, 0x0000000100000000)
  eden space 131072K, 47% used [0x00000000e0000000,0x00000000e3ca6ad8,0x00000000e8000000)
  from space 9728K, 0% used [0x00000000e8000000,0x00000000e8000000,0x00000000e8980000)
  to   space 12288K, 0% used [0x00000000e8d80000,0x00000000e8d80000,0x00000000e9980000)
 ParOldGen       total 64000K, used 19122K [0x00000000a0000000, 0x00000000a3e80000, 0x00000000e0000000)
  object space 64000K, 29% used [0x00000000a0000000,0x00000000a12acb28,0x00000000a3e80000)
 Metaspace       used 38030K, capacity 38668K, committed 39000K, reserved 1083392K
  class space    used 5189K, capacity 5410K, committed 5504K, reserved 1048576K

Card table byte_map: [0x0000000012610000,0x0000000012920000] byte_map_base: 0x0000000012110000

Marking Bits: (ParMarkBitMap*) 0x00000000531c5aa0
 Begin Bits: [0x0000000013320000, 0x0000000014b20000)
 End Bits:   [0x0000000014b20000, 0x0000000016320000)

Polling page: 0x0000000001390000

CodeCache: size=245760Kb used=11488Kb max_used=11490Kb free=234271Kb
 bounds [0x0000000003250000, 0x0000000003da0000, 0x0000000012250000]
 total_blobs=4006 nmethods=3290 adapters=628
 compilation: enabled

Compilation events (10 events):
Event: 8.205 Thread 0x0000000018f23000 3631       3       java.security.Provider$ServiceKey::<init> (8 bytes)
Event: 8.205 Thread 0x0000000018f23000 nmethod 3631 0x0000000003d7c150 code [0x0000000003d7c2c0, 0x0000000003d7c448]
Event: 8.205 Thread 0x0000000018f23000 3630       3       java.security.Provider::checkInitialized (16 bytes)
Event: 8.205 Thread 0x0000000018f23000 nmethod 3630 0x0000000003d8b890 code [0x0000000003d8ba00, 0x0000000003d8bc48]
Event: 8.207 Thread 0x0000000018f23000 3632       2       java.lang.ClassLoader::addClass (9 bytes)
Event: 8.207 Thread 0x0000000018f23000 nmethod 3632 0x0000000003d8b510 code [0x0000000003d8b680, 0x0000000003d8b808]
Event: 8.211 Thread 0x0000000018f0d000 nmethod 3586% 0x0000000003d92a90 code [0x0000000003d92be0, 0x0000000003d93338]
Event: 8.211 Thread 0x0000000018f0d000 3627 %     4       sun.security.provider.SHA2::implCompress @ 142 (331 bytes)
Event: 8.212 Thread 0x0000000018f23000 3635       3       java.util.jar.Manifest::read (328 bytes)
Event: 8.214 Thread 0x0000000018f23000 nmethod 3635 0x0000000003d8fd50 code [0x0000000003d900c0, 0x0000000003d91ad8]

GC Heap History (10 events):
Event: 3.586 GC heap before
{Heap before GC invocations=5 (full 0):
 PSYoungGen      total 71680K, used 21297K [0x00000000e0000000, 0x00000000e4b00000, 0x0000000100000000)
  eden space 66560K, 24% used [0x00000000e0000000,0x00000000e0fd45c0,0x00000000e4100000)
  from space 5120K, 99% used [0x00000000e4600000,0x00000000e4af8020,0x00000000e4b00000)
  to   space 5120K, 0% used [0x00000000e4100000,0x00000000e4100000,0x00000000e4600000)
 ParOldGen       total 87552K, used 5381K [0x00000000a0000000, 0x00000000a5580000, 0x00000000e0000000)
  object space 87552K, 6% used [0x00000000a0000000,0x00000000a0541408,0x00000000a5580000)
 Metaspace       used 20801K, capacity 21104K, committed 21248K, reserved 1067008K
  class space    used 2914K, capacity 3018K, committed 3072K, reserved 1048576K
Event: 3.595 GC heap after
Heap after GC invocations=5 (full 0):
 PSYoungGen      total 71680K, used 5088K [0x00000000e0000000, 0x00000000e9600000, 0x0000000100000000)
  eden space 66560K, 0% used [0x00000000e0000000,0x00000000e0000000,0x00000000e4100000)
  from space 5120K, 99% used [0x00000000e4100000,0x00000000e45f8030,0x00000000e4600000)
  to   space 10240K, 0% used [0x00000000e8c00000,0x00000000e8c00000,0x00000000e9600000)
 ParOldGen       total 87552K, used 8275K [0x00000000a0000000, 0x00000000a5580000, 0x00000000e0000000)
  object space 87552K, 9% used [0x00000000a0000000,0x00000000a0814fc8,0x00000000a5580000)
 Metaspace       used 20801K, capacity 21104K, committed 21248K, reserved 1067008K
  class space    used 2914K, capacity 3018K, committed 3072K, reserved 1048576K
}
Event: 3.595 GC heap before
{Heap before GC invocations=6 (full 1):
 PSYoungGen      total 71680K, used 5088K [0x00000000e0000000, 0x00000000e9600000, 0x0000000100000000)
  eden space 66560K, 0% used [0x00000000e0000000,0x00000000e0000000,0x00000000e4100000)
  from space 5120K, 99% used [0x00000000e4100000,0x00000000e45f8030,0x00000000e4600000)
  to   space 10240K, 0% used [0x00000000e8c00000,0x00000000e8c00000,0x00000000e9600000)
 ParOldGen       total 87552K, used 8275K [0x00000000a0000000, 0x00000000a5580000, 0x00000000e0000000)
  object space 87552K, 9% used [0x00000000a0000000,0x00000000a0814fc8,0x00000000a5580000)
 Metaspace       used 20801K, capacity 21104K, committed 21248K, reserved 1067008K
  class space    used 2914K, capacity 3018K, committed 3072K, reserved 1048576K
Event: 3.655 GC heap after
Heap after GC invocations=6 (full 1):
 PSYoungGen      total 71680K, used 0K [0x00000000e0000000, 0x00000000e9600000, 0x0000000100000000)
  eden space 66560K, 0% used [0x00000000e0000000,0x00000000e0000000,0x00000000e4100000)
  from space 5120K, 0% used [0x00000000e4100000,0x00000000e4100000,0x00000000e4600000)
  to   space 10240K, 0% used [0x00000000e8c00000,0x00000000e8c00000,0x00000000e9600000)
 ParOldGen       total 64000K, used 8165K [0x00000000a0000000, 0x00000000a3e80000, 0x00000000e0000000)
  object space 64000K, 12% used [0x00000000a0000000,0x00000000a07f9468,0x00000000a3e80000)
 Metaspace       used 20801K, capacity 21104K, committed 21248K, reserved 1067008K
  class space    used 2914K, capacity 3018K, committed 3072K, reserved 1048576K
}
Event: 5.459 GC heap before
{Heap before GC invocations=7 (full 1):
 PSYoungGen      total 71680K, used 66560K [0x00000000e0000000, 0x00000000e9600000, 0x0000000100000000)
  eden space 66560K, 100% used [0x00000000e0000000,0x00000000e4100000,0x00000000e4100000)
  from space 5120K, 0% used [0x00000000e4100000,0x00000000e4100000,0x00000000e4600000)
  to   space 10240K, 0% used [0x00000000e8c00000,0x00000000e8c00000,0x00000000e9600000)
 ParOldGen       total 64000K, used 8165K [0x00000000a0000000, 0x00000000a3e80000, 0x00000000e0000000)
  object space 64000K, 12% used [0x00000000a0000000,0x00000000a07f9468,0x00000000a3e80000)
 Metaspace       used 26392K, capacity 26704K, committed 26880K, reserved 1073152K
  class space    used 3630K, capacity 3745K, committed 3840K, reserved 1048576K
Event: 5.467 GC heap after
Heap after GC invocations=7 (full 1):
 PSYoungGen      total 101376K, used 6861K [0x00000000e0000000, 0x00000000e9300000, 0x0000000100000000)
  eden space 94208K, 0% used [0x00000000e0000000,0x00000000e0000000,0x00000000e5c00000)
  from space 7168K, 95% used [0x00000000e8c00000,0x00000000e92b35b0,0x00000000e9300000)
  to   space 9728K, 0% used [0x00000000e8000000,0x00000000e8000000,0x00000000e8980000)
 ParOldGen       total 64000K, used 8173K [0x00000000a0000000, 0x00000000a3e80000, 0x00000000e0000000)
  object space 64000K, 12% used [0x00000000a0000000,0x00000000a07fb468,0x00000000a3e80000)
 Metaspace       used 26392K, capacity 26704K, committed 26880K, reserved 1073152K
  class space    used 3630K, capacity 3745K, committed 3840K, reserved 1048576K
}
Event: 7.287 GC heap before
{Heap before GC invocations=8 (full 1):
 PSYoungGen      total 101376K, used 100784K [0x00000000e0000000, 0x00000000e9300000, 0x0000000100000000)
  eden space 94208K, 99% used [0x00000000e0000000,0x00000000e5bb8ab0,0x00000000e5c00000)
  from space 7168K, 95% used [0x00000000e8c00000,0x00000000e92b35b0,0x00000000e9300000)
  to   space 9728K, 0% used [0x00000000e8000000,0x00000000e8000000,0x00000000e8980000)
 ParOldGen       total 64000K, used 8173K [0x00000000a0000000, 0x00000000a3e80000, 0x00000000e0000000)
  object space 64000K, 12% used [0x00000000a0000000,0x00000000a07fb468,0x00000000a3e80000)
 Metaspace       used 34664K, capacity 35182K, committed 35416K, reserved 1079296K
  class space    used 4788K, capacity 4977K, committed 4992K, reserved 1048576K
Event: 7.305 GC heap after
Heap after GC invocations=8 (full 1):
 PSYoungGen      total 140800K, used 9722K [0x00000000e0000000, 0x00000000e9980000, 0x0000000100000000)
  eden space 131072K, 0% used [0x00000000e0000000,0x00000000e0000000,0x00000000e8000000)
  from space 9728K, 99% used [0x00000000e8000000,0x00000000e897e828,0x00000000e8980000)
  to   space 12288K, 0% used [0x00000000e8d80000,0x00000000e8d80000,0x00000000e9980000)
 ParOldGen       total 64000K, used 11041K [0x00000000a0000000, 0x00000000a3e80000, 0x00000000e0000000)
  object space 64000K, 17% used [0x00000000a0000000,0x00000000a0ac8438,0x00000000a3e80000)
 Metaspace       used 34664K, capacity 35182K, committed 35416K, reserved 1079296K
  class space    used 4788K, capacity 4977K, committed 4992K, reserved 1048576K
}
Event: 7.305 GC heap before
{Heap before GC invocations=9 (full 2):
 PSYoungGen      total 140800K, used 9722K [0x00000000e0000000, 0x00000000e9980000, 0x0000000100000000)
  eden space 131072K, 0% used [0x00000000e0000000,0x00000000e0000000,0x00000000e8000000)
  from space 9728K, 99% used [0x00000000e8000000,0x00000000e897e828,0x00000000e8980000)
  to   space 12288K, 0% used [0x00000000e8d80000,0x00000000e8d80000,0x00000000e9980000)
 ParOldGen       total 64000K, used 11041K [0x00000000a0000000, 0x00000000a3e80000, 0x00000000e0000000)
  object space 64000K, 17% used [0x00000000a0000000,0x00000000a0ac8438,0x00000000a3e80000)
 Metaspace       used 34664K, capacity 35182K, committed 35416K, reserved 1079296K
  class space    used 4788K, capacity 4977K, committed 4992K, reserved 1048576K
Event: 7.426 GC heap after
Heap after GC invocations=9 (full 2):
 PSYoungGen      total 140800K, used 0K [0x00000000e0000000, 0x00000000e9980000, 0x0000000100000000)
  eden space 131072K, 0% used [0x00000000e0000000,0x00000000e0000000,0x00000000e8000000)
  from space 9728K, 0% used [0x00000000e8000000,0x00000000e8000000,0x00000000e8980000)
  to   space 12288K, 0% used [0x00000000e8d80000,0x00000000e8d80000,0x00000000e9980000)
 ParOldGen       total 64000K, used 19122K [0x00000000a0000000, 0x00000000a3e80000, 0x00000000e0000000)
  object space 64000K, 29% used [0x00000000a0000000,0x00000000a12acb28,0x00000000a3e80000)
 Metaspace       used 34664K, capacity 35182K, committed 35416K, reserved 1079296K
  class space    used 4788K, capacity 4977K, committed 4992K, reserved 1048576K
}

Deoptimization events (10 events):
Event: 7.771 Thread 0x000000001b094800 Uncommon trap: reason=unstable_if action=reinterpret pc=0x0000000003bb8e1c method=java.util.HashMap.putVal(ILjava/lang/Object;Ljava/lang/Object;ZZ)Ljava/lang/Object; @ 162
Event: 7.772 Thread 0x000000001b094800 Uncommon trap: reason=unstable_if action=reinterpret pc=0x00000000034efffc method=java.util.HashMap.resize()[Ljava/util/HashMap$Node; @ 206
Event: 7.864 Thread 0x000000001b094800 Uncommon trap: reason=unstable_if action=reinterpret pc=0x0000000003caa9f4 method=java.lang.reflect.Modifier.toString(I)Ljava/lang/String; @ 123
Event: 7.864 Thread 0x000000001b094800 Uncommon trap: reason=unstable_if action=reinterpret pc=0x0000000003c9d8b0 method=java.lang.reflect.Modifier.toString(I)Ljava/lang/String; @ 123
Event: 8.087 Thread 0x000000001b094800 Uncommon trap: reason=unstable_if action=reinterpret pc=0x0000000003bebd44 method=java.util.jar.Attributes$Name.isDigit(C)Z @ 3
Event: 8.131 Thread 0x000000001b094800 Uncommon trap: reason=unstable_if action=reinterpret pc=0x00000000036aca3c method=java.lang.CharacterDataLatin1.isWhitespace(I)Z @ 14
Event: 8.202 Thread 0x000000001b094800 Uncommon trap: reason=unstable_if action=reinterpret pc=0x0000000003418fa4 method=java.util.jar.JarFile.getInputStream(Ljava/util/zip/ZipEntry;)Ljava/io/InputStream; @ 37
Event: 8.204 Thread 0x000000001b094800 Uncommon trap: reason=unstable_if action=reinterpret pc=0x00000000036c6e30 method=java.security.CodeSource.<init>(Ljava/net/URL;[Ljava/security/CodeSigner;)V @ 25
Event: 8.206 Thread 0x000000001b094800 Uncommon trap: reason=unstable_if action=reinterpret pc=0x000000000377f7ac method=java.security.CodeSource.getCertificates()[Ljava/security/cert/Certificate; @ 22
Event: 8.206 Thread 0x000000001b094800 Uncommon trap: reason=unstable_if action=reinterpret pc=0x0000000003721f70 method=java.security.CodeSource.matchCerts(Ljava/security/CodeSource;Z)Z @ 11

Classes redefined (0 events):
No events

Internal exceptions (10 events):
Event: 6.629 Thread 0x000000001b094800 Exception <a 'java/lang/ClassNotFoundException': org/gradle/api/DefaultTaskCustomizer> (0x00000000e41d9260) thrown at [D:\src\AOSP-openjdk-cygwin\jdk8u\hotspot\src\share\vm\classfile\systemDictionary.cpp, line 210]
Event: 6.630 Thread 0x000000001b094800 Exception <a 'java/lang/ClassNotFoundException': org/gradle/api/internal/ConventionTaskCustomizer> (0x00000000e42156c0) thrown at [D:\src\AOSP-openjdk-cygwin\jdk8u\hotspot\src\share\vm\classfile\systemDictionary.cpp, line 210]
Event: 6.632 Thread 0x000000001b094800 Exception <a 'java/lang/ClassNotFoundException': org/gradle/api/tasks/DeleteCustomizer> (0x00000000e424f218) thrown at [D:\src\AOSP-openjdk-cygwin\jdk8u\hotspot\src\share\vm\classfile\systemDictionary.cpp, line 210]
Event: 6.635 Thread 0x000000001b094800 Exception <a 'java/lang/ClassNotFoundException': org/gradle/api/tasks/Delete_DecoratedCustomizer> (0x00000000e4296db0) thrown at [D:\src\AOSP-openjdk-cygwin\jdk8u\hotspot\src\share\vm\classfile\systemDictionary.cpp, line 210]
Event: 6.689 Thread 0x000000001b094800 Exception <a 'java/lang/ClassNotFoundException': build_a6lxiqorryns1pxn9njo6685jBeanInfo> (0x00000000e43bbc08) thrown at [D:\src\AOSP-openjdk-cygwin\jdk8u\hotspot\src\share\vm\classfile\systemDictionary.cpp, line 210]
Event: 6.690 Thread 0x000000001b094800 Exception <a 'java/lang/ClassNotFoundException': build_a6lxiqorryns1pxn9njo6685jCustomizer> (0x00000000e43c6600) thrown at [D:\src\AOSP-openjdk-cygwin\jdk8u\hotspot\src\share\vm\classfile\systemDictionary.cpp, line 210]
Event: 6.695 Thread 0x000000001b094800 Exception <a 'java/lang/ClassNotFoundException': org/gradle/api/internal/plugins/DefaultObjectConfigurationActionBeanInfo> (0x00000000e442e7e0) thrown at [D:\src\AOSP-openjdk-cygwin\jdk8u\hotspot\src\share\vm\classfile\systemDictionary.cpp, line 210]
Event: 6.696 Thread 0x000000001b094800 Exception <a 'java/lang/ClassNotFoundException': org/gradle/api/internal/plugins/DefaultObjectConfigurationActionCustomizer> (0x00000000e44686a0) thrown at [D:\src\AOSP-openjdk-cygwin\jdk8u\hotspot\src\share\vm\classfile\systemDictionary.cpp, line 210]
Event: 7.106 Thread 0x000000001b094800 Exception <a 'sun/nio/fs/WindowsException'> (0x00000000e51c3bd0) thrown at [D:\src\AOSP-openjdk-cygwin\jdk8u\hotspot\src\share\vm\prims\jni.cpp, line 709]
Event: 7.588 Thread 0x000000001b094800 Exception <a 'sun/nio/fs/WindowsException'> (0x00000000e0455760) thrown at [D:\src\AOSP-openjdk-cygwin\jdk8u\hotspot\src\share\vm\prims\jni.cpp, line 709]

Events (10 events):
Event: 8.206 Thread 0x000000001b094800 DEOPT UNPACKING pc=0x000000000329557b sp=0x000000001c318e80 mode 2
Event: 8.206 loading class org/bouncycastle/operator/OperatorException
Event: 8.206 loading class org/bouncycastle/operator/OperatorException done
Event: 8.206 Thread 0x000000001b094800 Uncommon trap: trap_request=0xffffff65 fr.pc=0x0000000003721f70
Event: 8.206 Executing VM operation: RevokeBias
Event: 8.206 Executing VM operation: RevokeBias done
Event: 8.206 Thread 0x000000001b094800 DEOPT PACKING pc=0x0000000003721f70 sp=0x000000001c316ce0
Event: 8.206 Thread 0x000000001b094800 DEOPT UNPACKING pc=0x000000000329557b sp=0x000000001c316b48 mode 2
Event: 8.207 loading class org/bouncycastle/jce/provider/BouncyCastleProvider
Event: 8.207 loading class org/bouncycastle/jce/provider/BouncyCastleProvider done


Dynamic libraries:
0x00007ff72cfe0000 - 0x00007ff72d011000 	C:\Program Files\Android\Android Studio\jre\bin\java.exe
0x00007fff9a460000 - 0x00007fff9a641000 	C:\WINDOWS\SYSTEM32\ntdll.dll
0x00007fff999b0000 - 0x00007fff99a62000 	C:\WINDOWS\System32\KERNEL32.DLL
0x00007fff97480000 - 0x00007fff976f3000 	C:\WINDOWS\System32\KERNELBASE.dll
0x00007fff9a1f0000 - 0x00007fff9a291000 	C:\WINDOWS\System32\ADVAPI32.dll
0x00007fff99e40000 - 0x00007fff99ede000 	C:\WINDOWS\System32\msvcrt.dll
0x00007fff99790000 - 0x00007fff997eb000 	C:\WINDOWS\System32\sechost.dll
0x00007fff9a2a0000 - 0x00007fff9a3c4000 	C:\WINDOWS\System32\RPCRT4.dll
0x00007fff97c20000 - 0x00007fff97db0000 	C:\WINDOWS\System32\USER32.dll
0x00007fff977a0000 - 0x00007fff977c0000 	C:\WINDOWS\System32\win32u.dll
0x00007fff98290000 - 0x00007fff982b8000 	C:\WINDOWS\System32\GDI32.dll
0x00007fff970a0000 - 0x00007fff97232000 	C:\WINDOWS\System32\gdi32full.dll
0x00007fff97700000 - 0x00007fff9779f000 	C:\WINDOWS\System32\msvcp_win.dll
0x00007fff96830000 - 0x00007fff9692a000 	C:\WINDOWS\System32\ucrtbase.dll
0x00007fff869a0000 - 0x00007fff86c09000 	C:\WINDOWS\WinSxS\amd64_microsoft.windows.common-controls_6595b64144ccf1df_6.0.17134.345_none_fb429a5930656358\COMCTL32.dll
0x00007fff978f0000 - 0x00007fff97c13000 	C:\WINDOWS\System32\combase.dll
0x00007fff97870000 - 0x00007fff978ea000 	C:\WINDOWS\System32\bcryptPrimitives.dll
0x00007fff982c0000 - 0x00007fff982ed000 	C:\WINDOWS\System32\IMM32.DLL
0x0000000052920000 - 0x00000000529f2000 	C:\Program Files\Android\Android Studio\jre\jre\bin\msvcr100.dll
0x0000000052a00000 - 0x0000000053241000 	C:\Program Files\Android\Android Studio\jre\jre\bin\server\jvm.dll
0x00007fff97e30000 - 0x00007fff97e38000 	C:\WINDOWS\System32\PSAPI.DLL
0x00007fff8afd0000 - 0x00007fff8afda000 	C:\WINDOWS\SYSTEM32\VERSION.dll
0x00007fff8bf40000 - 0x00007fff8bf63000 	C:\WINDOWS\SYSTEM32\WINMM.dll
0x00007fff85070000 - 0x00007fff85079000 	C:\WINDOWS\SYSTEM32\WSOCK32.dll
0x00007fff997f0000 - 0x00007fff9985c000 	C:\WINDOWS\System32\WS2_32.dll
0x00007fff8bea0000 - 0x00007fff8beca000 	C:\WINDOWS\SYSTEM32\WINMMBASE.dll
0x00007fff97430000 - 0x00007fff97479000 	C:\WINDOWS\System32\cfgmgr32.dll
0x00007fff944a0000 - 0x00007fff944af000 	C:\Program Files\Android\Android Studio\jre\jre\bin\verify.dll
0x00007fff82660000 - 0x00007fff82689000 	C:\Program Files\Android\Android Studio\jre\jre\bin\java.dll
0x00007fff8f240000 - 0x00007fff8f256000 	C:\Program Files\Android\Android Studio\jre\jre\bin\zip.dll
0x00007fff98350000 - 0x00007fff9978f000 	C:\WINDOWS\System32\SHELL32.dll
0x00007fff99860000 - 0x00007fff99909000 	C:\WINDOWS\System32\shcore.dll
0x00007fff96990000 - 0x00007fff9709d000 	C:\WINDOWS\System32\windows.storage.dll
0x00007fff97dd0000 - 0x00007fff97e21000 	C:\WINDOWS\System32\shlwapi.dll
0x00007fff967d0000 - 0x00007fff967e1000 	C:\WINDOWS\System32\kernel.appcore.dll
0x00007fff967f0000 - 0x00007fff9680f000 	C:\WINDOWS\System32\profapi.dll
0x00007fff96780000 - 0x00007fff967cc000 	C:\WINDOWS\System32\powrprof.dll
0x00007fff96770000 - 0x00007fff9677a000 	C:\WINDOWS\System32\FLTLIB.DLL
0x00007fff8bb90000 - 0x00007fff8bbaa000 	C:\Program Files\Android\Android Studio\jre\jre\bin\net.dll
0x00007fff95f90000 - 0x00007fff95ff6000 	C:\WINDOWS\system32\mswsock.dll
0x00007fff86cf0000 - 0x00007fff86d01000 	C:\Program Files\Android\Android Studio\jre\jre\bin\nio.dll
0x00007fff94470000 - 0x00007fff9448e000 	C:\Users\Alex\.gradle\native\25\windows-amd64\native-platform.dll
0x00007fff90660000 - 0x00007fff9066d000 	C:\Program Files\Android\Android Studio\jre\jre\bin\management.dll
0x00007fff96140000 - 0x00007fff96157000 	C:\WINDOWS\SYSTEM32\CRYPTSP.dll
0x00007fff95b70000 - 0x00007fff95ba3000 	C:\WINDOWS\system32\rsaenh.dll
0x00007fff96270000 - 0x00007fff96295000 	C:\WINDOWS\SYSTEM32\bcrypt.dll
0x00007fff96670000 - 0x00007fff96698000 	C:\WINDOWS\SYSTEM32\USERENV.dll
0x00007fff96160000 - 0x00007fff9616b000 	C:\WINDOWS\SYSTEM32\CRYPTBASE.dll
0x00007fff95d10000 - 0x00007fff95d48000 	C:\WINDOWS\SYSTEM32\IPHLPAPI.DLL
0x00007fff97db0000 - 0x00007fff97db8000 	C:\WINDOWS\System32\NSI.dll
0x00007fff90c40000 - 0x00007fff90c56000 	C:\WINDOWS\SYSTEM32\dhcpcsvc6.DLL
0x00007fff90e70000 - 0x00007fff90e8a000 	C:\WINDOWS\SYSTEM32\dhcpcsvc.DLL

VM Arguments:
jvm_args: -Xmx1536m -Dfile.encoding=windows-1252 -Duser.country=US -Duser.language=en -Duser.variant 
java_command: org.gradle.launcher.daemon.bootstrap.GradleDaemon 4.6
java_class_path (initial): C:\Users\Alex\.gradle\wrapper\dists\gradle-4.6-all\bcst21l2brirad8k2ben1letg\gradle-4.6\lib\gradle-launcher-4.6.jar
Launcher Type: SUN_STANDARD

Environment Variables:
PATH=C:\Program Files (x86)\Common Files\Oracle\Java\javapath;C:\Program Files (x86)\Intel\iCLS Client\;C:\Program Files\Intel\iCLS Client\;C:\WINDOWS\system32;C:\WINDOWS;C:\WINDOWS\System32\Wbem;C:\WINDOWS\System32\WindowsPowerShell\v1.0\;C:\Program Files (x86)\Intel\Intel(R) Management Engine Components\DAL;C:\Program Files\Intel\Intel(R) Management Engine Components\DAL;C:\Program Files (x86)\Intel\Intel(R) Management Engine Components\IPT;C:\Program Files\Intel\Intel(R) Management Engine Components\IPT;C:\WINDOWS\System32\OpenSSH\;C:\Program Files\Intel\WiFi\bin\;C:\Program Files\Common Files\Intel\WirelessCommon\;C:\Android;C:\Windows\System32;C:\Program Files\SourceGear\Common\DiffMerge\;C:\Program Files\Git\cmd;C:\Users\Alex\AppData\Local\Microsoft\WindowsApps;C:\Users\Alex\AppData\Local\Programs\MiKTeX 2.9\miktex\bin\x64\;C:\Program Files\Intel\WiFi\bin\;C:\Program Files\Common Files\Intel\WirelessCommon\;C:\Users\Alex\AppData\Local\GitHubDesktop\bin
USERNAME=Alex
OS=Windows_NT
PROCESSOR_IDENTIFIER=Intel64 Family 6 Model 142 Stepping 10, GenuineIntel



---------------  S Y S T E M  ---------------

OS: Windows 10.0 , 64 bit Build 17134 (10.0.17134.1)

CPU:total 8 (initial active 8) (4 cores per cpu, 2 threads per core) family 6 model 142 stepping 10, cmov, cx8, fxsr, mmx, sse, sse2, sse3, ssse3, sse4.1, sse4.2, popcnt, avx, avx2, aes, clmul, erms, 3dnowpref, lzcnt, ht, tsc, tscinvbit, bmi1, bmi2, adx

Memory: 4k page, physical 8262884k(2019244k free), swap 10515684k(6012k free)

vm_info: OpenJDK 64-Bit Server VM (25.152-b06) for windows-amd64 JRE (1.8.0_152-release-1136-b06), built by "builder" with MS VC++ 10.0 (VS2010)

time: Mon Oct 15 15:06:50 2018
elapsed time: 8 seconds (0d 0h 0m 8s)

